<?xml version="1.0" encoding="UTF-8"?>
<!-- Generated by org.testng.reporters.JUnitXMLReporter -->
<testsuite hostname="MINTBLR0160Z1B" ignored="0" name="CRM Pro Testing " tests="3" failures="0" timestamp="01 Aug 2019 06:17:29 GMT" time="56.357" errors="0">
  <testcase name="loginTest" time="11.298" classname="com.crm.qa.testcases.LoginPageTest"/>
  <testcase name="loginPageTitleTest" time="0.031" classname="com.crm.qa.testcases.LoginPageTest"/>
  <testcase name="phpLogoImageTest" time="0.105" classname="com.crm.qa.testcases.LoginPageTest"/>
</testsuite> <!-- CRM Pro Testing  -->
