<?xml version="1.0" encoding="UTF-8"?>
<!-- Generated by org.testng.reporters.JUnitXMLReporter -->
<testsuite hostname="BikashMR" ignored="0" name="Default test" tests="6" failures="0" timestamp="31 Jul 2019 19:05:08 GMT" time="157.38" errors="0">
  <testcase name="verifyContactsPageLabel" time="0.066" classname="com.crm.qa.testcases.ContactsPageTest"/>
  <testcase name="selectSingleContactsTest" time="0.225" classname="com.crm.qa.testcases.ContactsPageTest"/>
  <testcase name="selectMultipleContactsTest" time="0.278" classname="com.crm.qa.testcases.ContactsPageTest"/>
  <testcase name="validateCreateNewContact" time="7.517" classname="com.crm.qa.testcases.ContactsPageTest"/>
  <testcase name="validateCreateNewContact" time="5.091" classname="com.crm.qa.testcases.ContactsPageTest"/>
  <testcase name="validateCreateNewContact" time="6.582" classname="com.crm.qa.testcases.ContactsPageTest"/>
</testsuite> <!-- Default test -->
