<?xml version="1.0" encoding="UTF-8"?>
<!-- Generated by org.testng.reporters.JUnitXMLReporter -->
<testsuite hostname="MINTBLR0160Z1B" ignored="0" name="Default test" tests="3" failures="0" timestamp="01 Aug 2019 06:45:01 GMT" time="57.789" errors="0">
  <testcase name="loginTest" time="8.034" classname="com.crm.qa.testcases.LoginPageTest"/>
  <testcase name="loginPageTitleTest" time="0.038" classname="com.crm.qa.testcases.LoginPageTest"/>
  <testcase name="phpLogoImageTest" time="0.151" classname="com.crm.qa.testcases.LoginPageTest"/>
</testsuite> <!-- Default test -->
