<?xml version="1.0" encoding="UTF-8"?>
<!-- Generated by org.testng.reporters.JUnitXMLReporter -->
<testsuite hostname="MINTBLR0160Z1B" ignored="0" name="Test" tests="2" failures="0" timestamp="30 Jul 2019 05:49:37 GMT" time="42.815" errors="0">
  <testcase name="verifyHomePageTitleTest" time="7.604" classname="com.phptravels.qa.testcases.HomePageTest"/>
  <testcase name="verifyCorrectUserNameTest" time="6.448" classname="com.phptravels.qa.testcases.HomePageTest"/>
</testsuite> <!-- Test -->
