<?xml version="1.0" encoding="UTF-8"?>
<!-- Generated by org.testng.reporters.JUnitXMLReporter -->
<testsuite hostname="MINTBLR0160Z1B" ignored="0"
	name="TestphpTravelsTest" tests="7" failures="0"
	timestamp="30 Jul 2019 11:43:01 GMT" time="122.016" errors="0">
	<testcase name="loginTest" time="0.587"
		classname="com.phptravels.qa.testcases.LoginPageTest" />
	<testcase name="verifyMyProfileBtn" time="6.24"
		classname="com.phptravels.qa.testcases.HomePageTest" />
	<testcase name="loginPageTitleTest" time="0.022"
		classname="com.phptravels.qa.testcases.LoginPageTest" />
	<testcase name="verifyHomePageTitleTest" time="5.016"
		classname="com.phptravels.qa.testcases.HomePageTest" />
	<testcase name="verifyMyBookingTitles" time="9.709"
		classname="com.phptravels.qa.testcases.MyprofilePageTest" />
	<testcase name="phpLogoImageTest" time="0.075"
		classname="com.phptravels.qa.testcases.LoginPageTest" />
	<testcase name="verifyCorrectUserNameTest" time="4.646"
		classname="com.phptravels.qa.testcases.HomePageTest" />
</testsuite> <!-- TestphpTravelsTest -->
